[debug] [2018-04-22T21:43:25.646Z] ----------------------------------------------------------------------
[debug] [2018-04-22T21:43:25.648Z] Command:       /usr/local/Cellar/node/9.11.1/bin/node /usr/local/bin/firebase deploy
[debug] [2018-04-22T21:43:25.648Z] CLI Version:   3.18.4
[debug] [2018-04-22T21:43:25.648Z] Platform:      darwin
[debug] [2018-04-22T21:43:25.648Z] Node Version:  v9.11.1
[debug] [2018-04-22T21:43:25.649Z] Time:          Sun Apr 22 2018 23:43:25 GMT+0200 (CEST)
[debug] [2018-04-22T21:43:25.649Z] ----------------------------------------------------------------------
[debug] 
[debug] [2018-04-22T21:43:25.661Z] > command requires scopes: ["email","openid","https://www.googleapis.com/auth/cloudplatformprojects.readonly","https://www.googleapis.com/auth/firebase","https://www.googleapis.com/auth/cloud-platform"]
[debug] [2018-04-22T21:43:25.661Z] > authorizing via signed-in user
[debug] [2018-04-22T21:43:25.662Z] >>> HTTP REQUEST GET https://admin.firebase.com/v1/projects/florianheiwigde  
  
 Sun Apr 22 2018 23:43:25 GMT+0200 (CEST)
[debug] [2018-04-22T21:43:26.458Z] <<< HTTP RESPONSE 200
[debug] [2018-04-22T21:43:26.459Z] >>> HTTP REQUEST GET https://admin.firebase.com/v1/database/florianheiwigde/tokens  
  
 Sun Apr 22 2018 23:43:26 GMT+0200 (CEST)
[debug] [2018-04-22T21:43:27.207Z] <<< HTTP RESPONSE 200
[info] 
[info] === Deploying to 'florianheiwigde'...
[info] 
[info] i  deploying hosting
[info] i  hosting: preparing app directory for upload...
[debug] [2018-04-22T21:43:30.799Z] >>> HTTP REQUEST PUT https://deploy.firebase.com/v1/hosting/florianheiwigde/uploads/-LAjIyIS47V7HrlzB5Vo?fileCount=3700&message=  
  
 Sun Apr 22 2018 23:43:30 GMT+0200 (CEST)
